<?xml version="1.0" encoding="UTF-8"?>
<coverage generated="1684834446349" clover="3.2.0">
  <project timestamp="1684834446349" name="All files">
    <metrics statements="64" coveredstatements="64" conditionals="27" coveredconditionals="22" methods="26" coveredmethods="26" elements="117" coveredelements="112" complexity="0" loc="64" ncloc="64" packages="2" files="4" classes="4"/>
    <package name="bank-tech-test">
      <metrics statements="32" coveredstatements="32" conditionals="14" coveredconditionals="11" methods="13" coveredmethods="13"/>
      <file name="BankAccount.js" path="/Users/madelanedaz/Desktop/Projects/code-quality-wk/bank-tech-test/BankAccount.js">
        <metrics statements="18" coveredstatements="18" conditionals="6" coveredconditionals="6" methods="7" coveredmethods="7"/>
        <line num="1" count="1" type="stmt"/>
        <line num="5" count="4" type="stmt"/>
        <line num="6" count="4" type="stmt"/>
        <line num="10" count="2" type="stmt"/>
        <line num="14" count="4" type="cond" truecount="2" falsecount="0"/>
        <line num="15" count="3" type="stmt"/>
        <line num="16" count="3" type="stmt"/>
        <line num="17" count="3" type="stmt"/>
        <line num="22" count="2" type="cond" truecount="2" falsecount="0"/>
        <line num="26" count="1" type="stmt"/>
        <line num="27" count="1" type="stmt"/>
        <line num="28" count="1" type="stmt"/>
        <line num="30" count="1" type="stmt"/>
        <line num="35" count="3" type="stmt"/>
        <line num="36" count="3" type="stmt"/>
        <line num="40" count="1" type="stmt"/>
        <line num="41" count="3" type="stmt"/>
        <line num="45" count="1" type="stmt"/>
      </file>
      <file name="Log.js" path="/Users/madelanedaz/Desktop/Projects/code-quality-wk/bank-tech-test/Log.js">
        <metrics statements="14" coveredstatements="14" conditionals="8" coveredconditionals="5" methods="6" coveredmethods="6"/>
        <line num="3" count="8" type="stmt"/>
        <line num="9" count="3" type="stmt"/>
        <line num="13" count="2" type="stmt"/>
        <line num="17" count="3" type="stmt"/>
        <line num="18" count="3" type="stmt"/>
        <line num="19" count="3" type="stmt"/>
        <line num="20" count="3" type="stmt"/>
        <line num="22" count="3" type="stmt"/>
        <line num="26" count="16" type="cond" truecount="2" falsecount="0"/>
        <line num="30" count="2" type="cond" truecount="2" falsecount="0"/>
        <line num="31" count="1" type="stmt"/>
        <line num="32" count="1" type="cond" truecount="1" falsecount="1"/>
        <line num="33" count="1" type="stmt"/>
        <line num="38" count="2" type="stmt"/>
      </file>
    </package>
    <package name="bank-tech-test.src">
      <metrics statements="32" coveredstatements="32" conditionals="13" coveredconditionals="11" methods="13" coveredmethods="13"/>
      <file name="BankAccount.js" path="/Users/madelanedaz/Desktop/Projects/code-quality-wk/bank-tech-test/src/BankAccount.js">
        <metrics statements="18" coveredstatements="18" conditionals="6" coveredconditionals="6" methods="7" coveredmethods="7"/>
        <line num="1" count="1" type="stmt"/>
        <line num="5" count="4" type="stmt"/>
        <line num="6" count="4" type="stmt"/>
        <line num="10" count="2" type="stmt"/>
        <line num="14" count="4" type="cond" truecount="2" falsecount="0"/>
        <line num="15" count="3" type="stmt"/>
        <line num="16" count="3" type="stmt"/>
        <line num="17" count="3" type="stmt"/>
        <line num="22" count="2" type="cond" truecount="2" falsecount="0"/>
        <line num="26" count="1" type="stmt"/>
        <line num="27" count="1" type="stmt"/>
        <line num="28" count="1" type="stmt"/>
        <line num="30" count="1" type="stmt"/>
        <line num="35" count="3" type="stmt"/>
        <line num="36" count="3" type="stmt"/>
        <line num="40" count="1" type="stmt"/>
        <line num="41" count="3" type="stmt"/>
        <line num="45" count="1" type="stmt"/>
      </file>
      <file name="Log.js" path="/Users/madelanedaz/Desktop/Projects/code-quality-wk/bank-tech-test/src/Log.js">
        <metrics statements="14" coveredstatements="14" conditionals="7" coveredconditionals="5" methods="6" coveredmethods="6"/>
        <line num="3" count="11" type="stmt"/>
        <line num="9" count="5" type="stmt"/>
        <line num="13" count="4" type="stmt"/>
        <line num="17" count="3" type="stmt"/>
        <line num="18" count="3" type="stmt"/>
        <line num="19" count="3" type="stmt"/>
        <line num="20" count="3" type="stmt"/>
        <line num="22" count="3" type="stmt"/>
        <line num="26" count="22" type="cond" truecount="2" falsecount="0"/>
        <line num="30" count="2" type="cond" truecount="2" falsecount="0"/>
        <line num="31" count="1" type="stmt"/>
        <line num="32" count="1" type="cond" truecount="1" falsecount="1"/>
        <line num="33" count="1" type="stmt"/>
        <line num="38" count="2" type="stmt"/>
      </file>
    </package>
  </project>
</coverage>
