{"/Users/madelanedaz/Desktop/Projects/code-quality-wk/bank-tech-test/BankAccount.js": {"path":"/Users/madelanedaz/Desktop/Projects/code-quality-wk/bank-tech-test/BankAccount.js","statementMap":{"0":{"start":{"line":1,"column":12},"end":{"line":1,"column":28}},"1":{"start":{"line":5,"column":4},"end":{"line":5,"column":19}},"2":{"start":{"line":6,"column":4},"end":{"line":6,"column":21}},"3":{"start":{"line":10,"column":4},"end":{"line":10,"column":24}},"4":{"start":{"line":14,"column":4},"end":{"line":18,"column":5}},"5":{"start":{"line":15,"column":21},"end":{"line":15,"column":56}},"6":{"start":{"line":16,"column":6},"end":{"line":16,"column":29}},"7":{"start":{"line":17,"column":6},"end":{"line":17,"column":37}},"8":{"start":{"line":22,"column":4},"end":{"line":28,"column":5}},"9":{"start":{"line":23,"column":20},"end":{"line":23,"column":54}},"10":{"start":{"line":24,"column":6},"end":{"line":24,"column":28}},"11":{"start":{"line":25,"column":6},"end":{"line":25,"column":37}},"12":{"start":{"line":27,"column":6},"end":{"line":27,"column":40}},"13":{"start":{"line":32,"column":19},"end":{"line":32,"column":54}},"14":{"start":{"line":33,"column":4},"end":{"line":33,"column":27}},"15":{"start":{"line":37,"column":4},"end":{"line":37,"column":54}},"16":{"start":{"line":38,"column":4},"end":{"line":38,"column":58}},"17":{"start":{"line":38,"column":40},"end":{"line":38,"column":56}},"18":{"start":{"line":44,"column":0},"end":{"line":44,"column":29}}},"fnMap":{"0":{"name":"(anonymous_0)","decl":{"start":{"line":4,"column":2},"end":{"line":4,"column":3}},"loc":{"start":{"line":4,"column":16},"end":{"line":7,"column":3}},"line":4},"1":{"name":"(anonymous_1)","decl":{"start":{"line":9,"column":2},"end":{"line":9,"column":3}},"loc":{"start":{"line":9,"column":15},"end":{"line":11,"column":3}},"line":9},"2":{"name":"(anonymous_2)","decl":{"start":{"line":13,"column":2},"end":{"line":13,"column":3}},"loc":{"start":{"line":13,"column":23},"end":{"line":19,"column":3}},"line":13},"3":{"name":"(anonymous_3)","decl":{"start":{"line":21,"column":2},"end":{"line":21,"column":3}},"loc":{"start":{"line":21,"column":24},"end":{"line":29,"column":3}},"line":21},"4":{"name":"(anonymous_4)","decl":{"start":{"line":31,"column":2},"end":{"line":31,"column":3}},"loc":{"start":{"line":31,"column":22},"end":{"line":34,"column":3}},"line":31},"5":{"name":"(anonymous_5)","decl":{"start":{"line":36,"column":2},"end":{"line":36,"column":3}},"loc":{"start":{"line":36,"column":19},"end":{"line":39,"column":3}},"line":36},"6":{"name":"(anonymous_6)","decl":{"start":{"line":38,"column":33},"end":{"line":38,"column":34}},"loc":{"start":{"line":38,"column":40},"end":{"line":38,"column":56}},"line":38}},"branchMap":{"0":{"loc":{"start":{"line":14,"column":4},"end":{"line":18,"column":5}},"type":"if","locations":[{"start":{"line":14,"column":4},"end":{"line":18,"column":5}},{"start":{},"end":{}}],"line":14},"1":{"loc":{"start":{"line":22,"column":4},"end":{"line":28,"column":5}},"type":"if","locations":[{"start":{"line":22,"column":4},"end":{"line":28,"column":5}},{"start":{"line":26,"column":11},"end":{"line":28,"column":5}}],"line":22},"2":{"loc":{"start":{"line":22,"column":8},"end":{"line":22,"column":78}},"type":"binary-expr","locations":[{"start":{"line":22,"column":8},"end":{"line":22,"column":36}},{"start":{"line":22,"column":40},"end":{"line":22,"column":78}}],"line":22}},"s":{"0":1,"1":4,"2":4,"3":2,"4":4,"5":3,"6":3,"7":3,"8":2,"9":1,"10":1,"11":1,"12":1,"13":3,"14":3,"15":1,"16":1,"17":3,"18":1},"f":{"0":4,"1":2,"2":4,"3":2,"4":3,"5":1,"6":3},"b":{"0":[3,1],"1":[1,1],"2":[2,2]},"_coverageSchema":"1a1c01bbd47fc00a2c39e90264f33305004495a9","hash":"6c540193a93bf9e0d94c8fe5e47e0e6e984a154e"}
,"/Users/madelanedaz/Desktop/Projects/code-quality-wk/bank-tech-test/Log.js": {"path":"/Users/madelanedaz/Desktop/Projects/code-quality-wk/bank-tech-test/Log.js","statementMap":{"0":{"start":{"line":3,"column":4},"end":{"line":5,"column":20}},"1":{"start":{"line":9,"column":4},"end":{"line":9,"column":23}},"2":{"start":{"line":13,"column":4},"end":{"line":13,"column":22}},"3":{"start":{"line":17,"column":26},"end":{"line":17,"column":61}},"4":{"start":{"line":18,"column":16},"end":{"line":18,"column":41}},"5":{"start":{"line":19,"column":18},"end":{"line":19,"column":42}},"6":{"start":{"line":20,"column":17},"end":{"line":20,"column":41}},"7":{"start":{"line":22,"column":4},"end":{"line":22,"column":37}},"8":{"start":{"line":26,"column":4},"end":{"line":26,"column":49}},"9":{"start":{"line":30,"column":4},"end":{"line":34,"column":5}},"10":{"start":{"line":31,"column":6},"end":{"line":31,"column":70}},"11":{"start":{"line":32,"column":12},"end":{"line":34,"column":5}},"12":{"start":{"line":33,"column":6},"end":{"line":33,"column":69}},"13":{"start":{"line":38,"column":0},"end":{"line":38,"column":21}}},"fnMap":{"0":{"name":"(anonymous_0)","decl":{"start":{"line":2,"column":2},"end":{"line":2,"column":3}},"loc":{"start":{"line":2,"column":56},"end":{"line":6,"column":3}},"line":2},"1":{"name":"(anonymous_1)","decl":{"start":{"line":8,"column":2},"end":{"line":8,"column":3}},"loc":{"start":{"line":8,"column":14},"end":{"line":10,"column":3}},"line":8},"2":{"name":"(anonymous_2)","decl":{"start":{"line":12,"column":2},"end":{"line":12,"column":3}},"loc":{"start":{"line":12,"column":13},"end":{"line":14,"column":3}},"line":12},"3":{"name":"(anonymous_3)","decl":{"start":{"line":16,"column":2},"end":{"line":16,"column":3}},"loc":{"start":{"line":16,"column":15},"end":{"line":23,"column":3}},"line":16},"4":{"name":"(anonymous_4)","decl":{"start":{"line":25,"column":2},"end":{"line":25,"column":3}},"loc":{"start":{"line":25,"column":23},"end":{"line":27,"column":3}},"line":25},"5":{"name":"(anonymous_5)","decl":{"start":{"line":29,"column":2},"end":{"line":29,"column":3}},"loc":{"start":{"line":29,"column":21},"end":{"line":35,"column":3}},"line":29}},"branchMap":{"0":{"loc":{"start":{"line":2,"column":23},"end":{"line":2,"column":35}},"type":"default-arg","locations":[{"start":{"line":2,"column":34},"end":{"line":2,"column":35}}],"line":2},"1":{"loc":{"start":{"line":2,"column":37},"end":{"line":2,"column":54}},"type":"default-arg","locations":[{"start":{"line":2,"column":44},"end":{"line":2,"column":54}}],"line":2},"2":{"loc":{"start":{"line":26,"column":11},"end":{"line":26,"column":48}},"type":"cond-expr","locations":[{"start":{"line":26,"column":26},"end":{"line":26,"column":43}},{"start":{"line":26,"column":46},"end":{"line":26,"column":48}}],"line":26},"3":{"loc":{"start":{"line":30,"column":4},"end":{"line":34,"column":5}},"type":"if","locations":[{"start":{"line":30,"column":4},"end":{"line":34,"column":5}},{"start":{"line":32,"column":12},"end":{"line":34,"column":5}}],"line":30},"4":{"loc":{"start":{"line":32,"column":12},"end":{"line":34,"column":5}},"type":"if","locations":[{"start":{"line":32,"column":12},"end":{"line":34,"column":5}},{"start":{},"end":{}}],"line":32}},"s":{"0":3,"1":0,"2":0,"3":1,"4":1,"5":1,"6":1,"7":1,"8":6,"9":0,"10":0,"11":0,"12":0,"13":2},"f":{"0":3,"1":0,"2":0,"3":1,"4":6,"5":0},"b":{"0":[0],"1":[0],"2":[1,5],"3":[0,0],"4":[0,0]},"_coverageSchema":"1a1c01bbd47fc00a2c39e90264f33305004495a9","hash":"7105fcb230067b47540df1ac28f9f6085e90b7d9"}
}
