{"/Users/madelanedaz/Desktop/Projects/code-quality-wk/bank-tech-test/BankAccount.js": {"path":"/Users/madelanedaz/Desktop/Projects/code-quality-wk/bank-tech-test/BankAccount.js","statementMap":{"0":{"start":{"line":1,"column":12},"end":{"line":1,"column":28}},"1":{"start":{"line":5,"column":4},"end":{"line":5,"column":19}},"2":{"start":{"line":6,"column":4},"end":{"line":6,"column":21}},"3":{"start":{"line":10,"column":4},"end":{"line":10,"column":24}},"4":{"start":{"line":14,"column":4},"end":{"line":18,"column":5}},"5":{"start":{"line":15,"column":21},"end":{"line":15,"column":56}},"6":{"start":{"line":16,"column":6},"end":{"line":16,"column":29}},"7":{"start":{"line":17,"column":6},"end":{"line":17,"column":37}},"8":{"start":{"line":22,"column":4},"end":{"line":31,"column":5}},"9":{"start":{"line":26,"column":20},"end":{"line":26,"column":54}},"10":{"start":{"line":27,"column":6},"end":{"line":27,"column":28}},"11":{"start":{"line":28,"column":6},"end":{"line":28,"column":37}},"12":{"start":{"line":30,"column":6},"end":{"line":30,"column":40}},"13":{"start":{"line":35,"column":19},"end":{"line":35,"column":54}},"14":{"start":{"line":36,"column":4},"end":{"line":36,"column":27}},"15":{"start":{"line":40,"column":4},"end":{"line":40,"column":54}},"16":{"start":{"line":41,"column":4},"end":{"line":41,"column":59}},"17":{"start":{"line":41,"column":41},"end":{"line":41,"column":57}},"18":{"start":{"line":45,"column":0},"end":{"line":45,"column":29}}},"fnMap":{"0":{"name":"(anonymous_0)","decl":{"start":{"line":4,"column":2},"end":{"line":4,"column":3}},"loc":{"start":{"line":4,"column":16},"end":{"line":7,"column":3}},"line":4},"1":{"name":"(anonymous_1)","decl":{"start":{"line":9,"column":2},"end":{"line":9,"column":3}},"loc":{"start":{"line":9,"column":15},"end":{"line":11,"column":3}},"line":9},"2":{"name":"(anonymous_2)","decl":{"start":{"line":13,"column":2},"end":{"line":13,"column":3}},"loc":{"start":{"line":13,"column":23},"end":{"line":19,"column":3}},"line":13},"3":{"name":"(anonymous_3)","decl":{"start":{"line":21,"column":2},"end":{"line":21,"column":3}},"loc":{"start":{"line":21,"column":24},"end":{"line":32,"column":3}},"line":21},"4":{"name":"(anonymous_4)","decl":{"start":{"line":34,"column":2},"end":{"line":34,"column":3}},"loc":{"start":{"line":34,"column":22},"end":{"line":37,"column":3}},"line":34},"5":{"name":"(anonymous_5)","decl":{"start":{"line":39,"column":2},"end":{"line":39,"column":3}},"loc":{"start":{"line":39,"column":19},"end":{"line":42,"column":3}},"line":39},"6":{"name":"(anonymous_6)","decl":{"start":{"line":41,"column":32},"end":{"line":41,"column":33}},"loc":{"start":{"line":41,"column":41},"end":{"line":41,"column":57}},"line":41}},"branchMap":{"0":{"loc":{"start":{"line":14,"column":4},"end":{"line":18,"column":5}},"type":"if","locations":[{"start":{"line":14,"column":4},"end":{"line":18,"column":5}},{"start":{},"end":{}}],"line":14},"1":{"loc":{"start":{"line":22,"column":4},"end":{"line":31,"column":5}},"type":"if","locations":[{"start":{"line":22,"column":4},"end":{"line":31,"column":5}},{"start":{"line":29,"column":11},"end":{"line":31,"column":5}}],"line":22},"2":{"loc":{"start":{"line":23,"column":6},"end":{"line":24,"column":44}},"type":"binary-expr","locations":[{"start":{"line":23,"column":6},"end":{"line":23,"column":34}},{"start":{"line":24,"column":6},"end":{"line":24,"column":44}}],"line":23}},"s":{"0":1,"1":4,"2":4,"3":2,"4":4,"5":3,"6":3,"7":3,"8":2,"9":1,"10":1,"11":1,"12":1,"13":3,"14":3,"15":1,"16":1,"17":3,"18":1},"f":{"0":4,"1":2,"2":4,"3":2,"4":3,"5":1,"6":3},"b":{"0":[3,1],"1":[1,1],"2":[2,2]},"_coverageSchema":"1a1c01bbd47fc00a2c39e90264f33305004495a9","hash":"a18d5f3463bce7319c8d639e93ecd669a2e2cca7"}
,"/Users/madelanedaz/Desktop/Projects/code-quality-wk/bank-tech-test/Log.js": {"path":"/Users/madelanedaz/Desktop/Projects/code-quality-wk/bank-tech-test/Log.js","statementMap":{"0":{"start":{"line":3,"column":4},"end":{"line":5,"column":25}},"1":{"start":{"line":9,"column":4},"end":{"line":9,"column":23}},"2":{"start":{"line":13,"column":4},"end":{"line":13,"column":22}},"3":{"start":{"line":17,"column":26},"end":{"line":17,"column":62}},"4":{"start":{"line":18,"column":16},"end":{"line":18,"column":42}},"5":{"start":{"line":19,"column":18},"end":{"line":19,"column":43}},"6":{"start":{"line":20,"column":17},"end":{"line":20,"column":42}},"7":{"start":{"line":22,"column":4},"end":{"line":22,"column":37}},"8":{"start":{"line":26,"column":4},"end":{"line":26,"column":49}},"9":{"start":{"line":30,"column":4},"end":{"line":34,"column":5}},"10":{"start":{"line":31,"column":6},"end":{"line":31,"column":71}},"11":{"start":{"line":32,"column":11},"end":{"line":34,"column":5}},"12":{"start":{"line":33,"column":6},"end":{"line":33,"column":70}},"13":{"start":{"line":38,"column":0},"end":{"line":38,"column":21}}},"fnMap":{"0":{"name":"(anonymous_0)","decl":{"start":{"line":2,"column":2},"end":{"line":2,"column":3}},"loc":{"start":{"line":2,"column":56},"end":{"line":6,"column":3}},"line":2},"1":{"name":"(anonymous_1)","decl":{"start":{"line":8,"column":2},"end":{"line":8,"column":3}},"loc":{"start":{"line":8,"column":14},"end":{"line":10,"column":3}},"line":8},"2":{"name":"(anonymous_2)","decl":{"start":{"line":12,"column":2},"end":{"line":12,"column":3}},"loc":{"start":{"line":12,"column":13},"end":{"line":14,"column":3}},"line":12},"3":{"name":"(anonymous_3)","decl":{"start":{"line":16,"column":2},"end":{"line":16,"column":3}},"loc":{"start":{"line":16,"column":15},"end":{"line":23,"column":3}},"line":16},"4":{"name":"(anonymous_4)","decl":{"start":{"line":25,"column":2},"end":{"line":25,"column":3}},"loc":{"start":{"line":25,"column":23},"end":{"line":27,"column":3}},"line":25},"5":{"name":"(anonymous_5)","decl":{"start":{"line":29,"column":2},"end":{"line":29,"column":3}},"loc":{"start":{"line":29,"column":21},"end":{"line":35,"column":3}},"line":29}},"branchMap":{"0":{"loc":{"start":{"line":2,"column":23},"end":{"line":2,"column":35}},"type":"default-arg","locations":[{"start":{"line":2,"column":34},"end":{"line":2,"column":35}}],"line":2},"1":{"loc":{"start":{"line":2,"column":37},"end":{"line":2,"column":54}},"type":"default-arg","locations":[{"start":{"line":2,"column":44},"end":{"line":2,"column":54}}],"line":2},"2":{"loc":{"start":{"line":26,"column":11},"end":{"line":26,"column":48}},"type":"cond-expr","locations":[{"start":{"line":26,"column":26},"end":{"line":26,"column":43}},{"start":{"line":26,"column":46},"end":{"line":26,"column":48}}],"line":26},"3":{"loc":{"start":{"line":30,"column":4},"end":{"line":34,"column":5}},"type":"if","locations":[{"start":{"line":30,"column":4},"end":{"line":34,"column":5}},{"start":{"line":32,"column":11},"end":{"line":34,"column":5}}],"line":30},"4":{"loc":{"start":{"line":32,"column":11},"end":{"line":34,"column":5}},"type":"if","locations":[{"start":{"line":32,"column":11},"end":{"line":34,"column":5}},{"start":{},"end":{}}],"line":32}},"s":{"0":6,"1":3,"2":1,"3":2,"4":2,"5":2,"6":2,"7":2,"8":12,"9":1,"10":1,"11":0,"12":0,"13":2},"f":{"0":6,"1":3,"2":1,"3":2,"4":12,"5":1},"b":{"0":[0],"1":[0],"2":[4,8],"3":[1,0],"4":[0,0]},"_coverageSchema":"1a1c01bbd47fc00a2c39e90264f33305004495a9","hash":"88379d41eb553688da8fa48a35fe822beb0aa021"}
}
