TN:
SF:BankAccount.js
FN:4,(anonymous_0)
FN:9,(anonymous_1)
FN:13,(anonymous_2)
FN:21,(anonymous_3)
FN:34,(anonymous_4)
FN:39,(anonymous_5)
FN:41,(anonymous_6)
FNF:7
FNH:7
FNDA:4,(anonymous_0)
FNDA:2,(anonymous_1)
FNDA:4,(anonymous_2)
FNDA:2,(anonymous_3)
FNDA:3,(anonymous_4)
FNDA:1,(anonymous_5)
FNDA:3,(anonymous_6)
DA:1,1
DA:5,4
DA:6,4
DA:10,2
DA:14,4
DA:15,3
DA:16,3
DA:17,3
DA:22,2
DA:26,1
DA:27,1
DA:28,1
DA:30,1
DA:35,3
DA:36,3
DA:40,1
DA:41,3
DA:45,1
LF:18
LH:18
BRDA:14,0,0,3
BRDA:14,0,1,1
BRDA:22,1,0,1
BRDA:22,1,1,1
BRDA:23,2,0,2
BRDA:23,2,1,2
BRF:6
BRH:6
end_of_record
TN:
SF:Log.js
FN:2,(anonymous_0)
FN:8,(anonymous_1)
FN:12,(anonymous_2)
FN:16,(anonymous_3)
FN:25,(anonymous_4)
FN:29,(anonymous_5)
FNF:6
FNH:6
FNDA:8,(anonymous_0)
FNDA:3,(anonymous_1)
FNDA:2,(anonymous_2)
FNDA:3,(anonymous_3)
FNDA:16,(anonymous_4)
FNDA:2,(anonymous_5)
DA:3,8
DA:9,3
DA:13,2
DA:17,3
DA:18,3
DA:19,3
DA:20,3
DA:22,3
DA:26,16
DA:30,2
DA:31,1
DA:32,1
DA:33,1
DA:38,2
LF:14
LH:14
BRDA:2,0,0,0
BRDA:2,1,0,0
BRDA:26,2,0,6
BRDA:26,2,1,10
BRDA:30,3,0,1
BRDA:30,3,1,1
BRDA:32,4,0,1
BRDA:32,4,1,0
BRF:8
BRH:5
end_of_record
TN:
SF:src/BankAccount.js
FN:4,(anonymous_0)
FN:9,(anonymous_1)
FN:13,(anonymous_2)
FN:21,(anonymous_3)
FN:34,(anonymous_4)
FN:39,(anonymous_5)
FN:41,(anonymous_6)
FNF:7
FNH:7
FNDA:4,(anonymous_0)
FNDA:2,(anonymous_1)
FNDA:4,(anonymous_2)
FNDA:2,(anonymous_3)
FNDA:3,(anonymous_4)
FNDA:1,(anonymous_5)
FNDA:3,(anonymous_6)
DA:1,1
DA:5,4
DA:6,4
DA:10,2
DA:14,4
DA:15,3
DA:16,3
DA:17,3
DA:22,2
DA:26,1
DA:27,1
DA:28,1
DA:30,1
DA:35,3
DA:36,3
DA:40,1
DA:41,3
DA:45,1
LF:18
LH:18
BRDA:14,0,0,3
BRDA:14,0,1,1
BRDA:22,1,0,1
BRDA:22,1,1,1
BRDA:23,2,0,2
BRDA:23,2,1,2
BRF:6
BRH:6
end_of_record
TN:
SF:src/Log.js
FN:2,(anonymous_0)
FN:8,(anonymous_1)
FN:12,(anonymous_2)
FN:16,(anonymous_3)
FN:25,(anonymous_4)
FN:29,(anonymous_5)
FNF:6
FNH:6
FNDA:11,(anonymous_0)
FNDA:5,(anonymous_1)
FNDA:4,(anonymous_2)
FNDA:3,(anonymous_3)
FNDA:22,(anonymous_4)
FNDA:2,(anonymous_5)
DA:3,11
DA:9,5
DA:13,4
DA:17,3
DA:18,3
DA:19,3
DA:20,3
DA:22,3
DA:26,22
DA:30,2
DA:31,1
DA:32,1
DA:33,1
DA:38,2
LF:14
LH:14
BRDA:2,0,0,0
BRDA:26,1,0,7
BRDA:26,1,1,15
BRDA:30,2,0,1
BRDA:30,2,1,1
BRDA:32,3,0,1
BRDA:32,3,1,0
BRF:7
BRH:5
end_of_record
